<?xml version="1.0" encoding="UTF-8"?>
<!-- Generated by org.testng.reporters.JUnitReportReporter -->
<testsuite hostname="NOT-A-PC" failures="0" tests="1" name="automation.homePageTest" time="23.642" errors="0" timestamp="2024-01-31T16:51:19 MST" skipped="0">
  <testcase classname="automation.homePageTest" name="addProductToCart" time="23.642"/>
</testsuite> <!-- automation.homePageTest -->
